Program launched at Fri Jan 22 14:30:36 EST 2021
janv. 22, 2021 2:30:36 P.M. net.sourceforge.plantumldependency.commoncli.command.impl.CommandLineImpl findAndCheckOptionIndex INFO: [info-plantuml-dependency-commoncli-001] : Option "[--output, -o]" has been specified
janv. 22, 2021 2:30:36 P.M. net.sourceforge.plantumldependency.commoncli.command.impl.CommandLineImpl findAndCheckOptionIndex INFO: [info-plantuml-dependency-commoncli-001] : Option "[--output, -o]" has been specified
janv. 22, 2021 2:30:36 P.M. net.sourceforge.plantumldependency.commoncli.command.impl.CommandLineImpl findAndCheckOptionIndex INFO: [info-plantuml-dependency-commoncli-001] : Option "[--include, -i]" has been specified
janv. 22, 2021 2:30:36 P.M. net.sourceforge.plantumldependency.commoncli.command.impl.CommandLineImpl findAndCheckOptionIndex INFO: [info-plantuml-dependency-commoncli-001] : Option "[--basedir, -b]" has been specified
janv. 22, 2021 2:30:37 P.M. net.sourceforge.plantumldependency.common.utils.file.FileUtils readFileIntoString INFO: [info-plantuml-dependency-common-000] : Reading file content /Users/rossypro/sources/ets/log121/LOG121-GOF-exemples/src/main/java/Framework/Graphed2/AbstractEdge.java...
janv. 22, 2021 2:30:37 P.M. net.sourceforge.plantumldependency.common.utils.file.FileUtils readFileIntoString INFO: [info-plantuml-dependency-common-000] : Reading file content /Users/rossypro/sources/ets/log121/LOG121-GOF-exemples/src/main/java/Framework/Graphed2/CircleNode.java...
janv. 22, 2021 2:30:37 P.M. net.sourceforge.plantumldependency.common.utils.file.FileUtils readFileIntoString INFO: [info-plantuml-dependency-common-000] : Reading file content /Users/rossypro/sources/ets/log121/LOG121-GOF-exemples/src/main/java/Framework/Graphed2/Edge.java...
janv. 22, 2021 2:30:37 P.M. net.sourceforge.plantumldependency.common.utils.file.FileUtils readFileIntoString INFO: [info-plantuml-dependency-common-000] : Reading file content /Users/rossypro/sources/ets/log121/LOG121-GOF-exemples/src/main/java/Framework/Graphed2/FormLayout.java...
janv. 22, 2021 2:30:37 P.M. net.sourceforge.plantumldependency.common.utils.file.FileUtils readFileIntoString INFO: [info-plantuml-dependency-common-000] : Reading file content /Users/rossypro/sources/ets/log121/LOG121-GOF-exemples/src/main/java/Framework/Graphed2/Graph.java...
janv. 22, 2021 2:30:37 P.M. net.sourceforge.plantumldependency.common.utils.file.FileUtils readFileIntoString INFO: [info-plantuml-dependency-common-000] : Reading file content /Users/rossypro/sources/ets/log121/LOG121-GOF-exemples/src/main/java/Framework/Graphed2/GraphFrame.java...
janv. 22, 2021 2:30:37 P.M. net.sourceforge.plantumldependency.common.utils.file.FileUtils readFileIntoString INFO: [info-plantuml-dependency-common-000] : Reading file content /Users/rossypro/sources/ets/log121/LOG121-GOF-exemples/src/main/java/Framework/Graphed2/GraphPanel.java...
janv. 22, 2021 2:30:37 P.M. net.sourceforge.plantumldependency.common.utils.file.FileUtils readFileIntoString INFO: [info-plantuml-dependency-common-000] : Reading file content /Users/rossypro/sources/ets/log121/LOG121-GOF-exemples/src/main/java/Framework/Graphed2/LineEdge.java...
janv. 22, 2021 2:30:37 P.M. net.sourceforge.plantumldependency.common.utils.file.FileUtils readFileIntoString INFO: [info-plantuml-dependency-common-000] : Reading file content /Users/rossypro/sources/ets/log121/LOG121-GOF-exemples/src/main/java/Framework/Graphed2/LineStyle.java...
janv. 22, 2021 2:30:37 P.M. net.sourceforge.plantumldependency.common.utils.file.FileUtils readFileIntoString INFO: [info-plantuml-dependency-common-000] : Reading file content /Users/rossypro/sources/ets/log121/LOG121-GOF-exemples/src/main/java/Framework/Graphed2/LineStyleEditor.java...
janv. 22, 2021 2:30:37 P.M. net.sourceforge.plantumldependency.common.utils.file.FileUtils readFileIntoString INFO: [info-plantuml-dependency-common-000] : Reading file content /Users/rossypro/sources/ets/log121/LOG121-GOF-exemples/src/main/java/Framework/Graphed2/Node.java...
janv. 22, 2021 2:30:37 P.M. net.sourceforge.plantumldependency.common.utils.file.FileUtils readFileIntoString INFO: [info-plantuml-dependency-common-000] : Reading file content /Users/rossypro/sources/ets/log121/LOG121-GOF-exemples/src/main/java/Framework/Graphed2/PointNode.java...
janv. 22, 2021 2:30:37 P.M. net.sourceforge.plantumldependency.common.utils.file.FileUtils readFileIntoString INFO: [info-plantuml-dependency-common-000] : Reading file content /Users/rossypro/sources/ets/log121/LOG121-GOF-exemples/src/main/java/Framework/Graphed2/PropertySheet.java...
janv. 22, 2021 2:30:37 P.M. net.sourceforge.plantumldependency.common.utils.file.FileUtils readFileIntoString INFO: [info-plantuml-dependency-common-000] : Reading file content /Users/rossypro/sources/ets/log121/LOG121-GOF-exemples/src/main/java/Framework/Graphed2/SimpleGraph.java...
janv. 22, 2021 2:30:37 P.M. net.sourceforge.plantumldependency.common.utils.file.FileUtils readFileIntoString INFO: [info-plantuml-dependency-common-000] : Reading file content /Users/rossypro/sources/ets/log121/LOG121-GOF-exemples/src/main/java/Framework/Graphed2/SimpleGraphEditor.java...
janv. 22, 2021 2:30:37 P.M. net.sourceforge.plantumldependency.common.utils.file.FileUtils readFileIntoString INFO: [info-plantuml-dependency-common-000] : Reading file content /Users/rossypro/sources/ets/log121/LOG121-GOF-exemples/src/main/java/Framework/Graphed2/ToolBar.java...
janv. 22, 2021 2:30:37 P.M. net.sourceforge.plantumldependency.common.utils.file.FileUtils writeIntoFile INFO: [info-plantuml-dependency-common-002] : Writing content into file src/main/java/Framework/Graphed2/README-generated.puml...
janv. 22, 2021 2:30:37 P.M. net.sourceforge.plantumldependency.cli.main.option.output.PlantUMLDependencyOutputOptionExecution execute INFO: [info-plantuml-dependency-cli-003] : Number of processed dependencies : "16"
janv. 22, 2021 2:30:37 P.M. net.sourceforge.plantumldependency.cli.main.program.PlantUMLDependencyProgram processProgramArguments INFO: [info-plantuml-dependency-cli-000] : Executed in "1196" ms
Program finished at Fri Jan 22 14:30:37 EST 2021

